<?xml version="1.0" encoding="UTF-8"?>
<!-- Generated by org.testng.reporters.JUnitReportReporter -->
<testsuite hostname="DESKTOP-1R9NJEN" failures="0" tests="1" name="First_Framework.TestCases" time="9.137" errors="0" timestamp="2023-12-19T15:23:47 IST" skipped="0">
  <testcase classname="First_Framework.TestCases" name="verifyPricesOfProductsAreAsPerTheSelectedRange" time="9.137"/>
</testsuite> <!-- First_Framework.TestCases -->
